2025-10-07 10:50:03.289 [info] Log level: Info
2025-10-07 10:50:03.289 [info] Validating found git in: "git"
2025-10-07 10:50:03.289 [info] Using git "2.39.5" from "git"
2025-10-07 10:50:03.289 [info] > git rev-parse --show-toplevel [11ms]
2025-10-07 10:50:03.289 [info] fatal: not a git repository (or any of the parent directories): .git
2025-10-07 10:50:03.289 [info] > git rev-parse --show-toplevel [3ms]
2025-10-07 10:50:03.289 [info] fatal: not a git repository (or any of the parent directories): .git
2025-10-07 10:50:03.289 [info] > git rev-parse --show-toplevel [3ms]
2025-10-07 10:50:03.289 [info] fatal: not a git repository (or any of the parent directories): .git
2025-10-07 10:50:03.289 [info] > git rev-parse --show-toplevel [4ms]
2025-10-07 10:50:03.289 [info] fatal: not a git repository (or any of the parent directories): .git
2025-10-07 10:50:03.289 [info] > git rev-parse --show-toplevel [3ms]
2025-10-07 10:50:03.289 [info] fatal: not a git repository (or any of the parent directories): .git
2025-10-07 10:50:03.289 [info] > git rev-parse --show-toplevel [19ms]
2025-10-07 10:50:03.289 [info] fatal: not a git repository (or any of the parent directories): .git
2025-10-07 10:50:03.289 [info] > git rev-parse --show-toplevel [6ms]
2025-10-07 10:50:03.289 [info] fatal: not a git repository (or any of the parent directories): .git
2025-10-07 10:50:03.289 [info] > git rev-parse --show-toplevel [15ms]
2025-10-07 10:50:03.289 [info] fatal: not a git repository (or any of the parent directories): .git
2025-10-07 10:50:03.289 [info] > git rev-parse --show-toplevel [5ms]
2025-10-07 10:50:03.289 [info] fatal: not a git repository (or any of the parent directories): .git
2025-10-07 10:50:03.289 [info] > git rev-parse --show-toplevel [6ms]
2025-10-07 10:50:03.289 [info] fatal: not a git repository (or any of the parent directories): .git
2025-10-07 10:50:03.289 [info] > git rev-parse --show-toplevel [5ms]
2025-10-07 10:50:03.289 [info] fatal: not a git repository (or any of the parent directories): .git
2025-10-07 10:50:03.289 [info] > git rev-parse --show-toplevel [11ms]
2025-10-07 10:50:03.289 [info] fatal: not a git repository (or any of the parent directories): .git
2025-10-07 10:50:03.291 [info] > git rev-parse --show-toplevel [5ms]
2025-10-07 10:50:03.291 [info] fatal: not a git repository (or any of the parent directories): .git
2025-10-07 10:50:03.309 [info] > git rev-parse --show-toplevel [6ms]
2025-10-07 10:50:03.310 [info] fatal: not a git repository (or any of the parent directories): .git
2025-10-07 10:50:03.324 [info] > git rev-parse --show-toplevel [4ms]
2025-10-07 10:50:03.324 [info] fatal: not a git repository (or any of the parent directories): .git
2025-10-07 10:50:03.428 [info] > git rev-parse --show-toplevel [93ms]
2025-10-07 10:50:03.428 [info] fatal: not a git repository (or any of the parent directories): .git
2025-10-07 10:50:03.459 [info] > git rev-parse --show-toplevel [19ms]
2025-10-07 10:50:03.459 [info] fatal: not a git repository (or any of the parent directories): .git
2025-10-07 10:50:03.484 [info] > git rev-parse --show-toplevel [4ms]
2025-10-07 10:50:03.484 [info] fatal: not a git repository (or any of the parent directories): .git
2025-10-07 10:50:03.519 [info] > git rev-parse --show-toplevel [12ms]
2025-10-07 10:50:03.538 [info] > git rev-parse --git-dir --git-common-dir [5ms]
2025-10-07 10:50:03.579 [info] Open repository: /home/pi/over-the-air
2025-10-07 10:50:03.626 [info] > git config --get commit.template [17ms]
2025-10-07 10:50:03.642 [info] > git rev-parse --show-toplevel [22ms]
2025-10-07 10:50:03.642 [info] fatal: not a git repository (or any of the parent directories): .git
2025-10-07 10:50:03.681 [info] > git rev-parse --show-toplevel [13ms]
2025-10-07 10:50:03.682 [info] fatal: not a git repository (or any of the parent directories): .git
2025-10-07 10:50:03.684 [info] > git for-each-ref --format=%(refname)%00%(upstream:short)%00%(objectname)%00%(upstream:track)%00%(upstream:remotename)%00%(upstream:remoteref) refs/heads/main refs/remotes/main [46ms]
2025-10-07 10:50:03.726 [info] > git rev-parse --show-toplevel [5ms]
2025-10-07 10:50:03.726 [info] fatal: not a git repository (or any of the parent directories): .git
2025-10-07 10:50:03.772 [info] > git status -z -uall [71ms]
2025-10-07 10:50:03.853 [info] > git config --get commit.template [27ms]
2025-10-07 10:50:03.858 [info] > git for-each-ref --format=%(refname)%00%(upstream:short)%00%(objectname)%00%(upstream:track)%00%(upstream:remotename)%00%(upstream:remoteref) refs/heads/main refs/remotes/main [10ms]
2025-10-07 10:50:03.885 [info] > git status -z -uall [15ms]
2025-10-07 10:50:04.353 [info] > git check-ignore -v -z --stdin [4ms]
2025-10-07 10:50:05.086 [info] > git rev-parse --show-toplevel [3ms]
2025-10-07 10:50:05.086 [info] fatal: not a git repository (or any of the parent directories): .git
