2025-10-07 18:07:08.665 [info] Log level: Info
2025-10-07 18:07:08.665 [info] Validating found git in: "git"
2025-10-07 18:07:08.665 [info] Using git "2.39.5" from "git"
2025-10-07 18:07:08.666 [info] > git rev-parse --show-toplevel [9ms]
2025-10-07 18:07:08.666 [info] fatal: not a git repository (or any of the parent directories): .git
2025-10-07 18:07:08.666 [info] > git rev-parse --show-toplevel [4ms]
2025-10-07 18:07:08.666 [info] fatal: not a git repository (or any of the parent directories): .git
2025-10-07 18:07:08.666 [info] > git rev-parse --show-toplevel [5ms]
2025-10-07 18:07:08.666 [info] fatal: not a git repository (or any of the parent directories): .git
2025-10-07 18:07:08.666 [info] > git rev-parse --show-toplevel [30ms]
2025-10-07 18:07:08.666 [info] fatal: not a git repository (or any of the parent directories): .git
2025-10-07 18:07:08.666 [info] > git rev-parse --show-toplevel [3ms]
2025-10-07 18:07:08.666 [info] fatal: not a git repository (or any of the parent directories): .git
2025-10-07 18:07:08.666 [info] > git rev-parse --show-toplevel [4ms]
2025-10-07 18:07:08.666 [info] fatal: not a git repository (or any of the parent directories): .git
2025-10-07 18:07:08.666 [info] > git rev-parse --show-toplevel [2ms]
2025-10-07 18:07:08.666 [info] fatal: not a git repository (or any of the parent directories): .git
2025-10-07 18:07:08.666 [info] > git rev-parse --show-toplevel [3ms]
2025-10-07 18:07:08.666 [info] fatal: not a git repository (or any of the parent directories): .git
2025-10-07 18:07:08.666 [info] > git rev-parse --show-toplevel [24ms]
2025-10-07 18:07:08.666 [info] fatal: not a git repository (or any of the parent directories): .git
2025-10-07 18:07:08.666 [info] > git rev-parse --show-toplevel [7ms]
2025-10-07 18:07:08.666 [info] fatal: not a git repository (or any of the parent directories): .git
2025-10-07 18:07:08.666 [info] > git rev-parse --show-toplevel [8ms]
2025-10-07 18:07:08.666 [info] fatal: not a git repository (or any of the parent directories): .git
2025-10-07 18:07:08.666 [info] > git rev-parse --show-toplevel [13ms]
2025-10-07 18:07:08.666 [info] fatal: not a git repository (or any of the parent directories): .git
2025-10-07 18:07:08.669 [info] > git rev-parse --show-toplevel [5ms]
2025-10-07 18:07:08.669 [info] fatal: not a git repository (or any of the parent directories): .git
2025-10-07 18:07:08.779 [info] > git rev-parse --show-toplevel [98ms]
2025-10-07 18:07:08.779 [info] fatal: not a git repository (or any of the parent directories): .git
2025-10-07 18:07:08.796 [info] > git rev-parse --show-toplevel [3ms]
2025-10-07 18:07:08.796 [info] fatal: not a git repository (or any of the parent directories): .git
2025-10-07 18:07:08.823 [info] > git rev-parse --show-toplevel [5ms]
2025-10-07 18:07:08.823 [info] fatal: not a git repository (or any of the parent directories): .git
2025-10-07 18:07:08.837 [info] > git rev-parse --show-toplevel [5ms]
2025-10-07 18:07:08.837 [info] fatal: not a git repository (or any of the parent directories): .git
2025-10-07 18:07:08.856 [info] > git rev-parse --show-toplevel [4ms]
2025-10-07 18:07:08.856 [info] fatal: not a git repository (or any of the parent directories): .git
2025-10-07 18:07:08.878 [info] > git rev-parse --show-toplevel [5ms]
2025-10-07 18:07:08.899 [info] > git rev-parse --git-dir --git-common-dir [6ms]
2025-10-07 18:07:08.945 [info] Open repository: /home/pi/over-the-air
2025-10-07 18:07:09.007 [info] > git config --get commit.template [24ms]
2025-10-07 18:07:09.010 [info] > git rev-parse --show-toplevel [5ms]
2025-10-07 18:07:09.010 [info] fatal: not a git repository (or any of the parent directories): .git
2025-10-07 18:07:09.044 [info] > git rev-parse --show-toplevel [7ms]
2025-10-07 18:07:09.044 [info] fatal: not a git repository (or any of the parent directories): .git
2025-10-07 18:07:09.049 [info] > git for-each-ref --format=%(refname)%00%(upstream:short)%00%(objectname)%00%(upstream:track)%00%(upstream:remotename)%00%(upstream:remoteref) refs/heads/main refs/remotes/main [27ms]
2025-10-07 18:07:09.075 [info] > git rev-parse --show-toplevel [3ms]
2025-10-07 18:07:09.075 [info] fatal: not a git repository (or any of the parent directories): .git
2025-10-07 18:07:09.123 [info] > git status -z -uall [62ms]
2025-10-07 18:07:09.171 [info] > git config --get commit.template [4ms]
2025-10-07 18:07:09.187 [info] > git for-each-ref --format=%(refname)%00%(upstream:short)%00%(objectname)%00%(upstream:track)%00%(upstream:remotename)%00%(upstream:remoteref) refs/heads/main refs/remotes/main [5ms]
2025-10-07 18:07:09.213 [info] > git status -z -uall [16ms]
2025-10-07 18:07:09.608 [info] > git check-ignore -v -z --stdin [3ms]
2025-10-07 18:07:32.134 [info] > git rev-parse --show-toplevel [2ms]
2025-10-07 18:07:32.135 [info] fatal: not a git repository (or any of the parent directories): .git
2025-10-07 18:09:49.940 [info] > git check-ignore -v -z --stdin [5ms]
