2025-10-08 09:49:59.854 [info] Log level: Info
2025-10-08 09:49:59.854 [info] Validating found git in: "git"
2025-10-08 09:49:59.854 [info] Using git "2.39.5" from "git"
2025-10-08 09:49:59.854 [info] > git rev-parse --show-toplevel [8ms]
2025-10-08 09:49:59.854 [info] fatal: not a git repository (or any of the parent directories): .git
2025-10-08 09:49:59.854 [info] > git rev-parse --show-toplevel [5ms]
2025-10-08 09:49:59.854 [info] fatal: not a git repository (or any of the parent directories): .git
2025-10-08 09:49:59.856 [info] > git rev-parse --show-toplevel [6ms]
2025-10-08 09:49:59.856 [info] fatal: not a git repository (or any of the parent directories): .git
2025-10-08 09:49:59.940 [info] > git rev-parse --show-toplevel [73ms]
2025-10-08 09:49:59.940 [info] fatal: not a git repository (or any of the parent directories): .git
2025-10-08 09:49:59.961 [info] > git rev-parse --show-toplevel [4ms]
2025-10-08 09:49:59.961 [info] fatal: not a git repository (or any of the parent directories): .git
2025-10-08 09:49:59.973 [info] > git rev-parse --show-toplevel [2ms]
2025-10-08 09:49:59.973 [info] fatal: not a git repository (or any of the parent directories): .git
2025-10-08 09:49:59.986 [info] > git rev-parse --show-toplevel [5ms]
2025-10-08 09:49:59.986 [info] fatal: not a git repository (or any of the parent directories): .git
2025-10-08 09:49:59.998 [info] > git rev-parse --show-toplevel [2ms]
2025-10-08 09:49:59.998 [info] fatal: not a git repository (or any of the parent directories): .git
2025-10-08 09:50:00.011 [info] > git rev-parse --show-toplevel [3ms]
2025-10-08 09:50:00.011 [info] fatal: not a git repository (or any of the parent directories): .git
2025-10-08 09:50:00.023 [info] > git rev-parse --show-toplevel [2ms]
2025-10-08 09:50:00.023 [info] fatal: not a git repository (or any of the parent directories): .git
2025-10-08 09:50:00.034 [info] > git rev-parse --show-toplevel [3ms]
2025-10-08 09:50:00.034 [info] fatal: not a git repository (or any of the parent directories): .git
2025-10-08 09:50:00.047 [info] > git rev-parse --show-toplevel [2ms]
2025-10-08 09:50:00.047 [info] fatal: not a git repository (or any of the parent directories): .git
2025-10-08 09:50:00.058 [info] > git rev-parse --show-toplevel [2ms]
2025-10-08 09:50:00.059 [info] fatal: not a git repository (or any of the parent directories): .git
2025-10-08 09:50:00.070 [info] > git rev-parse --show-toplevel [3ms]
2025-10-08 09:50:00.070 [info] fatal: not a git repository (or any of the parent directories): .git
2025-10-08 09:50:00.081 [info] > git rev-parse --show-toplevel [2ms]
2025-10-08 09:50:00.081 [info] fatal: not a git repository (or any of the parent directories): .git
2025-10-08 09:50:00.092 [info] > git rev-parse --show-toplevel [2ms]
2025-10-08 09:50:00.092 [info] fatal: not a git repository (or any of the parent directories): .git
2025-10-08 09:50:00.103 [info] > git rev-parse --show-toplevel [2ms]
2025-10-08 09:50:00.103 [info] fatal: not a git repository (or any of the parent directories): .git
2025-10-08 09:50:00.113 [info] > git rev-parse --show-toplevel [2ms]
2025-10-08 09:50:00.114 [info] fatal: not a git repository (or any of the parent directories): .git
2025-10-08 09:50:00.127 [info] > git rev-parse --show-toplevel [4ms]
2025-10-08 09:50:00.139 [info] > git rev-parse --git-dir --git-common-dir [2ms]
2025-10-08 09:50:00.173 [info] Open repository: /home/pi/over-the-air
2025-10-08 09:50:00.210 [info] > git config --get commit.template [14ms]
2025-10-08 09:50:00.227 [info] > git for-each-ref --format=%(refname)%00%(upstream:short)%00%(objectname)%00%(upstream:track)%00%(upstream:remotename)%00%(upstream:remoteref) refs/heads/main refs/remotes/main [20ms]
2025-10-08 09:50:00.286 [info] > git status -z -uall [47ms]
2025-10-08 09:50:00.325 [info] > git config --get commit.template [9ms]
2025-10-08 09:50:00.339 [info] > git for-each-ref --format=%(refname)%00%(upstream:short)%00%(objectname)%00%(upstream:track)%00%(upstream:remotename)%00%(upstream:remoteref) refs/heads/main refs/remotes/main [4ms]
2025-10-08 09:50:00.361 [info] > git status -z -uall [12ms]
2025-10-08 09:50:00.734 [info] > git check-ignore -v -z --stdin [4ms]
2025-10-08 09:51:18.779 [info] > git rev-parse --show-toplevel [6ms]
2025-10-08 09:51:18.779 [info] fatal: not a git repository (or any of the parent directories): .git
2025-10-08 09:51:23.129 [info] > git rev-parse --show-toplevel [5ms]
2025-10-08 09:51:23.129 [info] fatal: not a git repository (or any of the parent directories): .git
2025-10-08 10:20:54.622 [info] > git rev-parse --show-toplevel [4ms]
2025-10-08 10:20:54.623 [info] fatal: not a git repository (or any of the parent directories): .git
2025-10-08 10:20:55.470 [info] > git rev-parse --show-toplevel [6ms]
2025-10-08 10:20:55.470 [info] fatal: not a git repository (or any of the parent directories): .git
2025-10-08 10:20:56.119 [info] > git rev-parse --show-toplevel [10ms]
2025-10-08 10:20:56.119 [info] fatal: not a git repository (or any of the parent directories): .git
2025-10-08 10:20:56.789 [info] > git rev-parse --show-toplevel [5ms]
2025-10-08 10:20:56.789 [info] fatal: not a git repository (or any of the parent directories): .git
